<?xml version="1.0" encoding="UTF-8"?>
<!-- Generated by org.testng.reporters.JUnitXMLReporter -->
<testsuite ignored="14" hostname="Prasannadevi" failures="0" tests="7" name="Test" time="31.753" errors="0" timestamp="15 Oct 2024 23:55:02 GMT">
  <testcase classname="com.OrangeHrm.TestScripts.InvalidLogin" name="InvalidLoginIntoDemoWebShop" time="0.941"/>
  <testcase classname="com.OrangeHrm.TestScripts.InvalidLogin" name="InvalidLoginIntoDemoWebShop" time="0.785"/>
  <testcase classname="com.OrangeHrm.TestScripts.InvalidLogin" name="InvalidLoginIntoDemoWebShop" time="0.998"/>
  <testcase classname="com.OrangeHrm.TestScripts.InvalidLogin" name="InvalidLoginIntoDemoWebShop" time="0.871"/>
  <testcase classname="com.OrangeHrm.TestScripts.InvalidLogin" name="InvalidLoginIntoDemoWebShop" time="0.782"/>
  <testcase classname="com.OrangeHrm.TestScripts.InvalidLogin" name="InvalidLoginIntoDemoWebShop" time="0.95"/>
  <testcase classname="com.OrangeHrm.TestScripts.SignUpTest" name="signUp" time="17.181"/>
  <testcase classname="com.Orange.genericLib.BaseTest" name="@BeforeTest toConnectTheDatabase" time="0.0">
    <ignored/>
  </testcase> <!-- @BeforeTest toConnectTheDatabase -->
  <testcase classname="com.Orange.genericLib.BaseTest" name="@BeforeTest toConnectTheDatabase" time="0.0">
    <ignored/>
  </testcase> <!-- @BeforeTest toConnectTheDatabase -->
  <testcase classname="com.Orange.genericLib.BaseTest" name="@BeforeTest toConnectTheDatabase" time="0.0">
    <ignored/>
  </testcase> <!-- @BeforeTest toConnectTheDatabase -->
  <testcase classname="com.Orange.genericLib.BaseTest" name="@AfterTest toClosetheConnectionWithDataBase1" time="0.0">
    <ignored/>
  </testcase> <!-- @AfterTest toClosetheConnectionWithDataBase1 -->
  <testcase classname="com.Orange.genericLib.BaseTest" name="@AfterTest toClosetheConnectionWithDataBase1" time="0.0">
    <ignored/>
  </testcase> <!-- @AfterTest toClosetheConnectionWithDataBase1 -->
  <testcase classname="com.Orange.genericLib.BaseTest" name="@AfterTest toClosetheConnectionWithDataBase1" time="0.0">
    <ignored/>
  </testcase> <!-- @AfterTest toClosetheConnectionWithDataBase1 -->
  <testcase classname="com.OrangeHrm.TestScripts.ProductCheckOutTest" name="checkOutTest" time="0.0">
    <ignored/>
  </testcase> <!-- checkOutTest -->
  <testcase classname="com.Orange.genericLib.BaseTest" name="@BeforeSuite toConnectTheServer" time="0.0">
    <ignored/>
  </testcase> <!-- @BeforeSuite toConnectTheServer -->
  <testcase classname="com.Orange.genericLib.BaseTest" name="@BeforeSuite toConnectTheServer" time="0.0">
    <ignored/>
  </testcase> <!-- @BeforeSuite toConnectTheServer -->
  <testcase classname="com.Orange.genericLib.BaseTest" name="@BeforeSuite toConnectTheServer" time="0.0">
    <ignored/>
  </testcase> <!-- @BeforeSuite toConnectTheServer -->
  <testcase classname="com.OrangeHrm.TestScripts.LoginTest" name="login" time="0.0">
    <ignored/>
  </testcase> <!-- login -->
  <testcase classname="com.Orange.genericLib.BaseTest" name="@AfterSuite toClosetheConnectionWithServer" time="0.0">
    <ignored/>
  </testcase> <!-- @AfterSuite toClosetheConnectionWithServer -->
  <testcase classname="com.Orange.genericLib.BaseTest" name="@AfterSuite toClosetheConnectionWithServer" time="0.0">
    <ignored/>
  </testcase> <!-- @AfterSuite toClosetheConnectionWithServer -->
  <testcase classname="com.Orange.genericLib.BaseTest" name="@AfterSuite toClosetheConnectionWithServer" time="0.0">
    <ignored/>
  </testcase> <!-- @AfterSuite toClosetheConnectionWithServer -->
</testsuite> <!-- Test -->
