<?xml version="1.0" encoding="UTF-8"?>
<!-- Generated by org.testng.reporters.JUnitXMLReporter -->
<testsuite ignored="0" hostname="Prasannadevi" failures="0" tests="6" name="Test4" time="13.178" errors="0" timestamp="15 Oct 2024 23:51:56 GMT">
  <testcase classname="com.OrangeHrm.TestScripts.InvalidLogin" name="InvalidLoginIntoDemoWebShop" time="1.583"/>
  <testcase classname="com.OrangeHrm.TestScripts.InvalidLogin" name="InvalidLoginIntoDemoWebShop" time="1.295"/>
  <testcase classname="com.OrangeHrm.TestScripts.InvalidLogin" name="InvalidLoginIntoDemoWebShop" time="0.949"/>
  <testcase classname="com.OrangeHrm.TestScripts.InvalidLogin" name="InvalidLoginIntoDemoWebShop" time="1.618"/>
  <testcase classname="com.OrangeHrm.TestScripts.InvalidLogin" name="InvalidLoginIntoDemoWebShop" time="0.983"/>
  <testcase classname="com.OrangeHrm.TestScripts.InvalidLogin" name="InvalidLoginIntoDemoWebShop" time="1.535"/>
</testsuite> <!-- Test4 -->
