<?xml version="1.0" encoding="UTF-8"?>
<!-- Generated by org.testng.reporters.JUnitXMLReporter -->
<testsuite ignored="0" hostname="Prasannadevi" failures="0" tests="6" name="Default test" time="9.81" errors="0" timestamp="15 Oct 2024 22:08:54 GMT">
  <testcase classname="com.OrangeHrm.TestScripts.InvalidLogin" name="InvalidLoginIntoDemoWebShop" time="0.903"/>
  <testcase classname="com.OrangeHrm.TestScripts.InvalidLogin" name="InvalidLoginIntoDemoWebShop" time="0.73"/>
  <testcase classname="com.OrangeHrm.TestScripts.InvalidLogin" name="InvalidLoginIntoDemoWebShop" time="0.747"/>
  <testcase classname="com.OrangeHrm.TestScripts.InvalidLogin" name="InvalidLoginIntoDemoWebShop" time="0.866"/>
  <testcase classname="com.OrangeHrm.TestScripts.InvalidLogin" name="InvalidLoginIntoDemoWebShop" time="0.784"/>
  <testcase classname="com.OrangeHrm.TestScripts.InvalidLogin" name="InvalidLoginIntoDemoWebShop" time="0.875"/>
</testsuite> <!-- Default test -->
